[01m[K/home/varun/itchyimprovement/src/smb_highlevel_controller/src/SmbHighlevelController.cpp:5:1:[m[K [01;31m[Kerror: [m[K‘[01m[Ksmbhightcontroller[m[K’ does not name a type; did you mean ‘[01m[Ksmb_highlevel_controller[m[K’?
    5 | [01;31m[Ksmbhightcontroller[m[K::smbhightcontroller(ros::NodeHandle& nh)
      | [01;31m[K^~~~~~~~~~~~~~~~~~[m[K
      | [32m[Ksmb_highlevel_controller[m[K
[01m[K/home/varun/itchyimprovement/src/smb_highlevel_controller/src/SmbHighlevelController.cpp:23:6:[m[K [01;31m[Kerror: [m[K‘[01m[Ksmbhightcontroller[m[K’ has not been declared
   23 | void [01;31m[Ksmbhightcontroller[m[K::LaserCallback(const sensor_msgs::LaserScan &msg) {
      |      [01;31m[K^~~~~~~~~~~~~~~~~~[m[K
[01m[K/home/varun/itchyimprovement/src/smb_highlevel_controller/src/SmbHighlevelController.cpp:23:46:[m[K [01;31m[Kerror: [m[K‘[01m[Ksensor_msgs[m[K’ does not name a type
   23 | void smbhightcontroller::LaserCallback(const [01;31m[Ksensor_msgs[m[K::LaserScan &msg) {
      |                                              [01;31m[K^~~~~~~~~~~[m[K
[01m[K/home/varun/itchyimprovement/src/smb_highlevel_controller/src/SmbHighlevelController.cpp:23:69:[m[K [01;31m[Kerror: [m[Kexpected unqualified-id before ‘[01m[K&[m[K’ token
   23 | void smbhightcontroller::LaserCallback(const sensor_msgs::LaserScan [01;31m[K&[m[Kmsg) {
      |                                                                     [01;31m[K^[m[K
[01m[K/home/varun/itchyimprovement/src/smb_highlevel_controller/src/SmbHighlevelController.cpp:23:68:[m[K [01;31m[Kerror: [m[Kexpected ‘[01m[K)[m[K’ before ‘[01m[K&[m[K’ token
   23 | void smbhightcontroller::LaserCallback[34m[K([m[Kconst sensor_msgs::LaserScan[01;31m[K [m[K[32m[K&[m[Kmsg) {
      |                                       [34m[K~[m[K                            [01;31m[K^[m[K[32m[K~[m[K
      |                                                                    [32m[K)[m[K
[01m[K/home/varun/itchyimprovement/src/smb_highlevel_controller/src/SmbHighlevelController.cpp:23:70:[m[K [01;31m[Kerror: [m[Kexpected initializer before ‘[01m[Kmsg[m[K’
   23 | void smbhightcontroller::LaserCallback(const sensor_msgs::LaserScan &[01;31m[Kmsg[m[K) {
      |                                                                      [01;31m[K^~~[m[K
make[2]: *** [CMakeFiles/smb_highlevel_controller.dir/build.make:90: CMakeFiles/smb_highlevel_controller.dir/src/SmbHighlevelController.cpp.o] Error 1
make[1]: *** [CMakeFiles/Makefile2:943: CMakeFiles/smb_highlevel_controller.dir/all] Error 2
make: *** [Makefile:146: all] Error 2
