[01m[K/home/varun/itchyimprovement/src/smb_highlevel_controller/src/SmbHighlevelController.cpp:[m[K In constructor ‘[01m[Ksmb_highlevel_controller::SmbHighlevelController::SmbHighlevelController(ros::NodeHandle&)[m[K’:
[01m[K/home/varun/itchyimprovement/src/smb_highlevel_controller/src/SmbHighlevelController.cpp:6:7:[m[K [01;31m[Kerror: [m[Kclass ‘[01m[Ksmb_highlevel_controller::SmbHighlevelController[m[K’ does not have any field named ‘[01m[KnodeHandle[m[K’
    6 |     : [01;31m[KnodeHandle[m[K(nodeHandle) {
      |       [01;31m[K^~~~~~~~~~[m[K
[01m[K/home/varun/itchyimprovement/src/smb_highlevel_controller/src/SmbHighlevelController.cpp:17:5:[m[K [01;31m[Kerror: [m[K‘[01m[Ksubscriber[m[K’ was not declared in this scope
   17 |     [01;31m[Ksubscriber[m[K = nodeHandle.subscribe(topic, queue_size,
      |     [01;31m[K^~~~~~~~~~[m[K
[01m[K/home/varun/itchyimprovement/src/smb_highlevel_controller/src/SmbHighlevelController.cpp:18:34:[m[K [01;31m[Kerror: [m[K‘[01m[KLaserCallback[m[K’ is not a member of ‘[01m[Ksmb_highlevel_controller::SmbHighlevelController[m[K’
   18 |         &SmbHighlevelController::[01;31m[KLaserCallback[m[K, this);
      |                                  [01;31m[K^~~~~~~~~~~~~[m[K
[01m[K/home/varun/itchyimprovement/src/smb_highlevel_controller/src/SmbHighlevelController.cpp:[m[K At global scope:
[01m[K/home/varun/itchyimprovement/src/smb_highlevel_controller/src/SmbHighlevelController.cpp:23:50:[m[K [01;31m[Kerror: [m[K‘[01m[Ksensor_msgs[m[K’ does not name a type
   23 | void SmbHighlevelController::LaserCallback(const [01;31m[Ksensor_msgs[m[K::LaserScan &msg) {
      |                                                  [01;31m[K^~~~~~~~~~~[m[K
[01m[K/home/varun/itchyimprovement/src/smb_highlevel_controller/src/SmbHighlevelController.cpp:23:73:[m[K [01;31m[Kerror: [m[Kexpected unqualified-id before ‘[01m[K&[m[K’ token
   23 | void SmbHighlevelController::LaserCallback(const sensor_msgs::LaserScan [01;31m[K&[m[Kmsg) {
      |                                                                         [01;31m[K^[m[K
[01m[K/home/varun/itchyimprovement/src/smb_highlevel_controller/src/SmbHighlevelController.cpp:23:72:[m[K [01;31m[Kerror: [m[Kexpected ‘[01m[K)[m[K’ before ‘[01m[K&[m[K’ token
   23 | void SmbHighlevelController::LaserCallback[34m[K([m[Kconst sensor_msgs::LaserScan[01;31m[K [m[K[32m[K&[m[Kmsg) {
      |                                           [34m[K~[m[K                            [01;31m[K^[m[K[32m[K~[m[K
      |                                                                        [32m[K)[m[K
[01m[K/home/varun/itchyimprovement/src/smb_highlevel_controller/src/SmbHighlevelController.cpp:23:74:[m[K [01;31m[Kerror: [m[Kexpected initializer before ‘[01m[Kmsg[m[K’
   23 | void SmbHighlevelController::LaserCallback(const sensor_msgs::LaserScan &[01;31m[Kmsg[m[K) {
      |                                                                          [01;31m[K^~~[m[K
make[2]: *** [CMakeFiles/smb_highlevel_controller.dir/build.make:90: CMakeFiles/smb_highlevel_controller.dir/src/SmbHighlevelController.cpp.o] Error 1
make[1]: *** [CMakeFiles/Makefile2:943: CMakeFiles/smb_highlevel_controller.dir/all] Error 2
make: *** [Makefile:146: all] Error 2
