Performing C SOURCE FILE Test CMAKE_HAVE_LIBC_PTHREAD failed with the following output:
Change Dir: /home/varun/itchyimprovement/build/smb_description/CMakeFiles/CMakeTmp

Run Build Command(s):/usr/bin/make -f Makefile cmTC_a702a/fast && /usr/bin/make  -f CMakeFiles/cmTC_a702a.dir/build.make CMakeFiles/cmTC_a702a.dir/build
make[1]: Entering directory '/home/varun/itchyimprovement/build/smb_description/CMakeFiles/CMakeTmp'
Building C object CMakeFiles/cmTC_a702a.dir/src.c.o
/usr/bin/cc -DCMAKE_HAVE_LIBC_PTHREAD   -o CMakeFiles/cmTC_a702a.dir/src.c.o -c /home/varun/itchyimprovement/build/smb_description/CMakeFiles/CMakeTmp/src.c
Linking C executable cmTC_a702a
/home/varun/bin/cmake -E cmake_link_script CMakeFiles/cmTC_a702a.dir/link.txt --verbose=1
/usr/bin/cc -rdynamic CMakeFiles/cmTC_a702a.dir/src.c.o -o cmTC_a702a 
/usr/bin/ld: CMakeFiles/cmTC_a702a.dir/src.c.o: in function `main':
src.c:(.text+0x46): undefined reference to `pthread_create'
/usr/bin/ld: src.c:(.text+0x52): undefined reference to `pthread_detach'
/usr/bin/ld: src.c:(.text+0x5e): undefined reference to `pthread_cancel'
/usr/bin/ld: src.c:(.text+0x6f): undefined reference to `pthread_join'
collect2: error: ld returned 1 exit status
make[1]: *** [CMakeFiles/cmTC_a702a.dir/build.make:99: cmTC_a702a] Error 1
make[1]: Leaving directory '/home/varun/itchyimprovement/build/smb_description/CMakeFiles/CMakeTmp'
make: *** [Makefile:127: cmTC_a702a/fast] Error 2


Source file was:
#include <pthread.h>

static void* test_func(void* data)
{
  return data;
}

int main(void)
{
  pthread_t thread;
  pthread_create(&thread, NULL, test_func, NULL);
  pthread_detach(thread);
  pthread_cancel(thread);
  pthread_join(thread, NULL);
  pthread_atfork(NULL, NULL, NULL);
  pthread_exit(NULL);

  return 0;
}

Determining if the function pthread_create exists in the pthreads failed with the following output:
Change Dir: /home/varun/itchyimprovement/build/smb_description/CMakeFiles/CMakeTmp

Run Build Command(s):/usr/bin/make -f Makefile cmTC_ebd3a/fast && /usr/bin/make  -f CMakeFiles/cmTC_ebd3a.dir/build.make CMakeFiles/cmTC_ebd3a.dir/build
make[1]: Entering directory '/home/varun/itchyimprovement/build/smb_description/CMakeFiles/CMakeTmp'
Building C object CMakeFiles/cmTC_ebd3a.dir/CheckFunctionExists.c.o
/usr/bin/cc   -DCHECK_FUNCTION_EXISTS=pthread_create -o CMakeFiles/cmTC_ebd3a.dir/CheckFunctionExists.c.o -c /home/varun/cmake-3.24.1/Modules/CheckFunctionExists.c
Linking C executable cmTC_ebd3a
/home/varun/bin/cmake -E cmake_link_script CMakeFiles/cmTC_ebd3a.dir/link.txt --verbose=1
/usr/bin/cc  -DCHECK_FUNCTION_EXISTS=pthread_create -rdynamic CMakeFiles/cmTC_ebd3a.dir/CheckFunctionExists.c.o -o cmTC_ebd3a  -lpthreads 
/usr/bin/ld: cannot find -lpthreads
collect2: error: ld returned 1 exit status
make[1]: *** [CMakeFiles/cmTC_ebd3a.dir/build.make:99: cmTC_ebd3a] Error 1
make[1]: Leaving directory '/home/varun/itchyimprovement/build/smb_description/CMakeFiles/CMakeTmp'
make: *** [Makefile:127: cmTC_ebd3a/fast] Error 2



